<?xml version="1.0" encoding="UTF-8"?>
<testng-results ignored="0" total="1" passed="1" failed="0" skipped="0">
  <reporter-output>
  </reporter-output>
  <suite started-at="2023-09-20T09:22:09 IST" name="Default suite" finished-at="2023-09-20T09:22:21 IST" duration-ms="11916">
    <groups>
    </groups>
    <test started-at="2023-09-20T09:22:09 IST" name="Default test" finished-at="2023-09-20T09:22:21 IST" duration-ms="11916">
      <class name="Practice_Selenium.Dropdowns">
        <test-method signature="setup()[pri:0, instance:Practice_Selenium.Dropdowns@1f2586d6]" started-at="2023-09-20T09:22:09 IST" name="setup" finished-at="2023-09-20T09:22:21 IST" duration-ms="11859" status="PASS">
          <reporter-output>
          </reporter-output>
        </test-method> <!-- setup -->
      </class> <!-- Practice_Selenium.Dropdowns -->
    </test> <!-- Default test -->
  </suite> <!-- Default suite -->
</testng-results>
